<?xml version="1.0" encoding="UTF-8"?>
<testng-results ignored="0" total="1" passed="1" failed="0" skipped="0">
  <reporter-output>
  </reporter-output>
  <suite started-at="2022-07-26T14:41:41 IST" name="Default suite" finished-at="2022-07-26T14:41:46 IST" duration-ms="5109">
    <groups>
    </groups>
    <test started-at="2022-07-26T14:41:41 IST" name="Default test" finished-at="2022-07-26T14:41:46 IST" duration-ms="5109">
      <class name="selenium.ElementByName">
        <test-method is-config="true" signature="beforeMethod()[pri:0, instance:selenium.ElementByName@6eda5c9]" started-at="2022-07-26T14:41:41 IST" name="beforeMethod" finished-at="2022-07-26T14:41:43 IST" duration-ms="2056" status="PASS">
          <reporter-output>
          </reporter-output>
        </test-method> <!-- beforeMethod -->
        <test-method signature="testByName()[pri:0, instance:selenium.ElementByName@6eda5c9]" started-at="2022-07-26T14:41:43 IST" name="testByName" finished-at="2022-07-26T14:41:46 IST" duration-ms="2902" status="PASS">
          <reporter-output>
          </reporter-output>
        </test-method> <!-- testByName -->
        <test-method is-config="true" signature="afterMethod()[pri:0, instance:selenium.ElementByName@6eda5c9]" started-at="2022-07-26T14:41:46 IST" name="afterMethod" finished-at="2022-07-26T14:41:46 IST" duration-ms="102" status="PASS">
          <reporter-output>
          </reporter-output>
        </test-method> <!-- afterMethod -->
      </class> <!-- selenium.ElementByName -->
    </test> <!-- Default test -->
  </suite> <!-- Default suite -->
</testng-results>
